<?xml version="1.0" encoding="UTF-8"?>
<testsuite xmlns:xsi="http://www.w3.org/2001/XMLSchema-instance" xsi:noNamespaceSchemaLocation="https://maven.apache.org/surefire/maven-surefire-plugin/xsd/surefire-test-report.xsd" name="jin.chen.AppTest" time="0.194" tests="1" errors="0" skipped="0" failures="0">
  <properties>
    <property name="sun.desktop" value="windows"/>
    <property name="awt.toolkit" value="sun.awt.windows.WToolkit"/>
    <property name="file.encoding.pkg" value="sun.io"/>
    <property name="java.specification.version" value="1.8"/>
    <property name="sun.cpu.isalist" value="amd64"/>
    <property name="sun.jnu.encoding" value="GBK"/>
    <property name="java.class.path" value="E:\毕设\Manangement\ManageAdmin\ManageAdmin-mapper\target\test-classes;E:\毕设\Manangement\ManageAdmin\ManageAdmin-mapper\target\classes;D:\maven\repository\junit\junit\4.11\junit-4.11.jar;D:\maven\repository\org\hamcrest\hamcrest-core\1.3\hamcrest-core-1.3.jar;E:\毕设\Manangement\ManageAdmin\ManageAdmin-pojo\target\ManageAdmin-pojo.jar;E:\毕设\Manangement\ManageAdmin\ManageAdmin-common\target\ManageAdmin-common.jar;D:\maven\repository\org\apache\commons\commons-lang3\3.3.2\commons-lang3-3.3.2.jar;D:\maven\repository\commons-io\commons-io\1.3.2\commons-io-1.3.2.jar;D:\maven\repository\commons-net\commons-net\3.3\commons-net-3.3.jar;D:\maven\repository\com\fasterxml\jackson\core\jackson-databind\2.7.4\jackson-databind-2.7.4.jar;D:\maven\repository\com\fasterxml\jackson\core\jackson-core\2.7.4\jackson-core-2.7.4.jar;D:\maven\repository\com\fasterxml\jackson\core\jackson-annotations\2.7.4\jackson-annotations-2.7.4.jar;D:\maven\repository\org\apache\httpcomponents\httpclient\4.3.5\httpclient-4.3.5.jar;D:\maven\repository\org\apache\httpcomponents\httpcore\4.3.2\httpcore-4.3.2.jar;D:\maven\repository\commons-logging\commons-logging\1.1.3\commons-logging-1.1.3.jar;D:\maven\repository\commons-codec\commons-codec\1.6\commons-codec-1.6.jar;D:\maven\repository\commons-httpclient\commons-httpclient\3.1\commons-httpclient-3.1.jar;D:\maven\repository\org\slf4j\slf4j-log4j12\1.7.21\slf4j-log4j12-1.7.21.jar;D:\maven\repository\log4j\log4j\1.2.17\log4j-1.2.17.jar;D:\maven\repository\org\apache\curator\curator-framework\4.0.0\curator-framework-4.0.0.jar;D:\maven\repository\org\apache\curator\curator-client\4.0.0\curator-client-4.0.0.jar;D:\maven\repository\com\google\guava\guava\20.0\guava-20.0.jar;D:\maven\repository\org\apache\zookeeper\zookeeper\3.4.11\zookeeper-3.4.11.jar;D:\maven\repository\jline\jline\0.9.94\jline-0.9.94.jar;D:\maven\repository\org\apache\yetus\audience-annotations\0.5.0\audience-annotations-0.5.0.jar;D:\maven\repository\io\netty\netty\3.10.5.Final\netty-3.10.5.Final.jar;D:\maven\repository\org\apache\curator\curator-recipes\4.0.0\curator-recipes-4.0.0.jar;D:\maven\repository\org\mybatis\mybatis\3.2.8\mybatis-3.2.8.jar;D:\maven\repository\org\mybatis\mybatis-spring\1.2.2\mybatis-spring-1.2.2.jar;D:\maven\repository\com\github\miemiedev\mybatis-paginator\1.2.15\mybatis-paginator-1.2.15.jar;D:\maven\repository\org\slf4j\slf4j-api\1.7.21\slf4j-api-1.7.21.jar;D:\maven\repository\com\github\pagehelper\pagehelper\4.1.3\pagehelper-4.1.3.jar;D:\maven\repository\com\github\jsqlparser\jsqlparser\0.9.4\jsqlparser-0.9.4.jar;D:\maven\repository\mysql\mysql-connector-java\5.1.41\mysql-connector-java-5.1.41.jar;D:\maven\repository\com\alibaba\druid\1.1.0\druid-1.1.0.jar;C:\jdk1.8.0_162\jre\..\lib\jconsole.jar;C:\jdk1.8.0_162\jre\..\lib\tools.jar;"/>
    <property name="java.vm.vendor" value="Oracle Corporation"/>
    <property name="sun.arch.data.model" value="64"/>
    <property name="user.variant" value=""/>
    <property name="java.vendor.url" value="http://java.oracle.com/"/>
    <property name="user.timezone" value="Asia/Shanghai"/>
    <property name="java.vm.specification.version" value="1.8"/>
    <property name="os.name" value="Windows 10"/>
    <property name="user.country" value="CN"/>
    <property name="sun.java.launcher" value="SUN_STANDARD"/>
    <property name="sun.boot.library.path" value="C:\jdk1.8.0_162\jre\bin"/>
    <property name="sun.java.command" value="C:\Users\Administrator\AppData\Local\Temp\surefire7178006695977062062\surefirebooter8306890568412733133.jar C:\Users\Administrator\AppData\Local\Temp\surefire7178006695977062062 2020-05-01T20-09-39_916-jvmRun1 surefire6405518685908108714tmp surefire_28023316032579003343tmp"/>
    <property name="surefire.test.class.path" value="E:\毕设\Manangement\ManageAdmin\ManageAdmin-mapper\target\test-classes;E:\毕设\Manangement\ManageAdmin\ManageAdmin-mapper\target\classes;D:\maven\repository\junit\junit\4.11\junit-4.11.jar;D:\maven\repository\org\hamcrest\hamcrest-core\1.3\hamcrest-core-1.3.jar;E:\毕设\Manangement\ManageAdmin\ManageAdmin-pojo\target\ManageAdmin-pojo.jar;E:\毕设\Manangement\ManageAdmin\ManageAdmin-common\target\ManageAdmin-common.jar;D:\maven\repository\org\apache\commons\commons-lang3\3.3.2\commons-lang3-3.3.2.jar;D:\maven\repository\commons-io\commons-io\1.3.2\commons-io-1.3.2.jar;D:\maven\repository\commons-net\commons-net\3.3\commons-net-3.3.jar;D:\maven\repository\com\fasterxml\jackson\core\jackson-databind\2.7.4\jackson-databind-2.7.4.jar;D:\maven\repository\com\fasterxml\jackson\core\jackson-core\2.7.4\jackson-core-2.7.4.jar;D:\maven\repository\com\fasterxml\jackson\core\jackson-annotations\2.7.4\jackson-annotations-2.7.4.jar;D:\maven\repository\org\apache\httpcomponents\httpclient\4.3.5\httpclient-4.3.5.jar;D:\maven\repository\org\apache\httpcomponents\httpcore\4.3.2\httpcore-4.3.2.jar;D:\maven\repository\commons-logging\commons-logging\1.1.3\commons-logging-1.1.3.jar;D:\maven\repository\commons-codec\commons-codec\1.6\commons-codec-1.6.jar;D:\maven\repository\commons-httpclient\commons-httpclient\3.1\commons-httpclient-3.1.jar;D:\maven\repository\org\slf4j\slf4j-log4j12\1.7.21\slf4j-log4j12-1.7.21.jar;D:\maven\repository\log4j\log4j\1.2.17\log4j-1.2.17.jar;D:\maven\repository\org\apache\curator\curator-framework\4.0.0\curator-framework-4.0.0.jar;D:\maven\repository\org\apache\curator\curator-client\4.0.0\curator-client-4.0.0.jar;D:\maven\repository\com\google\guava\guava\20.0\guava-20.0.jar;D:\maven\repository\org\apache\zookeeper\zookeeper\3.4.11\zookeeper-3.4.11.jar;D:\maven\repository\jline\jline\0.9.94\jline-0.9.94.jar;D:\maven\repository\org\apache\yetus\audience-annotations\0.5.0\audience-annotations-0.5.0.jar;D:\maven\repository\io\netty\netty\3.10.5.Final\netty-3.10.5.Final.jar;D:\maven\repository\org\apache\curator\curator-recipes\4.0.0\curator-recipes-4.0.0.jar;D:\maven\repository\org\mybatis\mybatis\3.2.8\mybatis-3.2.8.jar;D:\maven\repository\org\mybatis\mybatis-spring\1.2.2\mybatis-spring-1.2.2.jar;D:\maven\repository\com\github\miemiedev\mybatis-paginator\1.2.15\mybatis-paginator-1.2.15.jar;D:\maven\repository\org\slf4j\slf4j-api\1.7.21\slf4j-api-1.7.21.jar;D:\maven\repository\com\github\pagehelper\pagehelper\4.1.3\pagehelper-4.1.3.jar;D:\maven\repository\com\github\jsqlparser\jsqlparser\0.9.4\jsqlparser-0.9.4.jar;D:\maven\repository\mysql\mysql-connector-java\5.1.41\mysql-connector-java-5.1.41.jar;D:\maven\repository\com\alibaba\druid\1.1.0\druid-1.1.0.jar;C:\jdk1.8.0_162\jre\..\lib\jconsole.jar;C:\jdk1.8.0_162\jre\..\lib\tools.jar;"/>
    <property name="sun.cpu.endian" value="little"/>
    <property name="user.home" value="C:\Users\Administrator"/>
    <property name="user.language" value="zh"/>
    <property name="java.specification.vendor" value="Oracle Corporation"/>
    <property name="java.home" value="C:\jdk1.8.0_162\jre"/>
    <property name="basedir" value="E:\毕设\Manangement\ManageAdmin\ManageAdmin-mapper"/>
    <property name="file.separator" value="\"/>
    <property name="line.separator" value="&#10;"/>
    <property name="java.vm.specification.vendor" value="Oracle Corporation"/>
    <property name="java.specification.name" value="Java Platform API Specification"/>
    <property name="java.awt.graphicsenv" value="sun.awt.Win32GraphicsEnvironment"/>
    <property name="surefire.real.class.path" value="C:\Users\Administrator\AppData\Local\Temp\surefire7178006695977062062\surefirebooter8306890568412733133.jar"/>
    <property name="sun.boot.class.path" value="C:\jdk1.8.0_162\jre\lib\resources.jar;C:\jdk1.8.0_162\jre\lib\rt.jar;C:\jdk1.8.0_162\jre\lib\sunrsasign.jar;C:\jdk1.8.0_162\jre\lib\jsse.jar;C:\jdk1.8.0_162\jre\lib\jce.jar;C:\jdk1.8.0_162\jre\lib\charsets.jar;C:\jdk1.8.0_162\jre\lib\jfr.jar;C:\jdk1.8.0_162\jre\classes"/>
    <property name="user.script" value=""/>
    <property name="sun.management.compiler" value="HotSpot 64-Bit Tiered Compilers"/>
    <property name="java.runtime.version" value="1.8.0_162-b12"/>
    <property name="user.name" value="Administrator"/>
    <property name="path.separator" value=";"/>
    <property name="os.version" value="10.0"/>
    <property name="java.endorsed.dirs" value="C:\jdk1.8.0_162\jre\lib\endorsed"/>
    <property name="java.runtime.name" value="Java(TM) SE Runtime Environment"/>
    <property name="file.encoding" value="GBK"/>
    <property name="java.vm.name" value="Java HotSpot(TM) 64-Bit Server VM"/>
    <property name="localRepository" value="D:\maven\repository"/>
    <property name="java.vendor.url.bug" value="http://bugreport.sun.com/bugreport/"/>
    <property name="java.io.tmpdir" value="C:\Users\Administrator\AppData\Local\Temp\"/>
    <property name="idea.version" value="2018.1.2"/>
    <property name="java.version" value="1.8.0_162"/>
    <property name="user.dir" value="E:\毕设\Manangement\ManageAdmin\ManageAdmin-mapper"/>
    <property name="os.arch" value="amd64"/>
    <property name="java.vm.specification.name" value="Java Virtual Machine Specification"/>
    <property name="java.awt.printerjob" value="sun.awt.windows.WPrinterJob"/>
    <property name="sun.os.patch.level" value=""/>
    <property name="java.library.path" value="C:\jdk1.8.0_162\jre\bin;C:\Windows\Sun\Java\bin;C:\Windows\system32;C:\Windows;C:\applications\mysql-5.7.17-winx64\bin;C:\Windows\system32;C:\Windows;C:\Windows\System32\Wbem;C:\Windows\System32\WindowsPowerShell\v1.0\;C:\Program Files\MySQL\MySQL Server 5.5\bin;D:\Applications\bin;D:\Applications\svn\bin;D:\Applications\svn\VisualSvnServer\bin;D:\Applications\Git\cmd;D:\Applications\;C:\jdk1.8.0_162\bin;C:\快捷方式;D:\Applications\apache-tomcat-8.5.34;D:\Applications\apache-maven-3.6.0\bin;C:\Users\Administrator\AppData\Roaming\npm;."/>
    <property name="java.vm.info" value="mixed mode"/>
    <property name="java.vendor" value="Oracle Corporation"/>
    <property name="java.vm.version" value="25.162-b12"/>
    <property name="java.ext.dirs" value="C:\jdk1.8.0_162\jre\lib\ext;C:\Windows\Sun\Java\lib\ext"/>
    <property name="sun.io.unicode.encoding" value="UnicodeLittle"/>
    <property name="java.class.version" value="52.0"/>
  </properties>
  <testcase name="shouldAnswerWithTrue" classname="jin.chen.AppTest" time="0.004"/>
</testsuite>